Determining if the pthread_create exist failed with the following output:
Change Dir: /home/lee/ros_workspaces/ros_practise/build/CMakeFiles/CMakeTmp

Run Build Command:"/usr/bin/make" "cmTC_afc3d/fast"
/usr/bin/make -f CMakeFiles/cmTC_afc3d.dir/build.make CMakeFiles/cmTC_afc3d.dir/build
make[1]: Entering directory '/home/lee/ros_workspaces/ros_practise/build/CMakeFiles/CMakeTmp'
Building C object CMakeFiles/cmTC_afc3d.dir/CheckSymbolExists.c.o
/usr/bin/cc     -o CMakeFiles/cmTC_afc3d.dir/CheckSymbolExists.c.o   -c /home/lee/ros_workspaces/ros_practise/build/CMakeFiles/CMakeTmp/CheckSymbolExists.c
Linking C executable cmTC_afc3d
/usr/bin/cmake -E cmake_link_script CMakeFiles/cmTC_afc3d.dir/link.txt --verbose=1
/usr/bin/cc       CMakeFiles/cmTC_afc3d.dir/CheckSymbolExists.c.o  -o cmTC_afc3d -rdynamic 
CMakeFiles/cmTC_afc3d.dir/CheckSymbolExists.c.o: In function `main':
CheckSymbolExists.c:(.text+0x16): undefined reference to `pthread_create'
collect2: error: ld returned 1 exit status
CMakeFiles/cmTC_afc3d.dir/build.make:97: recipe for target 'cmTC_afc3d' failed
make[1]: *** [cmTC_afc3d] Error 1
make[1]: Leaving directory '/home/lee/ros_workspaces/ros_practise/build/CMakeFiles/CMakeTmp'
Makefile:126: recipe for target 'cmTC_afc3d/fast' failed
make: *** [cmTC_afc3d/fast] Error 2

File /home/lee/ros_workspaces/ros_practise/build/CMakeFiles/CMakeTmp/CheckSymbolExists.c:
/* */
#include <pthread.h>

int main(int argc, char** argv)
{
  (void)argv;
#ifndef pthread_create
  return ((int*)(&pthread_create))[argc];
#else
  (void)argc;
  return 0;
#endif
}

Determining if the function pthread_create exists in the pthreads failed with the following output:
Change Dir: /home/lee/ros_workspaces/ros_practise/build/CMakeFiles/CMakeTmp

Run Build Command:"/usr/bin/make" "cmTC_dee51/fast"
/usr/bin/make -f CMakeFiles/cmTC_dee51.dir/build.make CMakeFiles/cmTC_dee51.dir/build
make[1]: Entering directory '/home/lee/ros_workspaces/ros_practise/build/CMakeFiles/CMakeTmp'
Building C object CMakeFiles/cmTC_dee51.dir/CheckFunctionExists.c.o
/usr/bin/cc    -DCHECK_FUNCTION_EXISTS=pthread_create   -o CMakeFiles/cmTC_dee51.dir/CheckFunctionExists.c.o   -c /usr/share/cmake-3.5/Modules/CheckFunctionExists.c
Linking C executable cmTC_dee51
/usr/bin/cmake -E cmake_link_script CMakeFiles/cmTC_dee51.dir/link.txt --verbose=1
/usr/bin/cc   -DCHECK_FUNCTION_EXISTS=pthread_create    CMakeFiles/cmTC_dee51.dir/CheckFunctionExists.c.o  -o cmTC_dee51 -rdynamic -lpthreads 
/usr/bin/ld: cannot find -lpthreads
collect2: error: ld returned 1 exit status
CMakeFiles/cmTC_dee51.dir/build.make:97: recipe for target 'cmTC_dee51' failed
make[1]: *** [cmTC_dee51] Error 1
make[1]: Leaving directory '/home/lee/ros_workspaces/ros_practise/build/CMakeFiles/CMakeTmp'
Makefile:126: recipe for target 'cmTC_dee51/fast' failed
make: *** [cmTC_dee51/fast] Error 2


